{"/Users/emitdutcher/Desktop/ultima-test/src/examples/App/Index.jsx": {"path":"/Users/emitdutcher/Desktop/ultima-test/src/examples/App/Index.jsx","statementMap":{"0":{"start":{"line":7,"column":32},"end":{"line":7,"column":46}},"1":{"start":{"line":8,"column":33},"end":{"line":8,"column":47}},"2":{"start":{"line":11,"column":6},"end":{"line":11,"column":16}},"3":{"start":{"line":12,"column":2},"end":{"line":15,"column":3}},"4":{"start":{"line":13,"column":4},"end":{"line":13,"column":22}},"5":{"start":{"line":14,"column":4},"end":{"line":14,"column":28}},"6":{"start":{"line":16,"column":2},"end":{"line":16,"column":38}},"7":{"start":{"line":16,"column":15},"end":{"line":16,"column":38}},"8":{"start":{"line":17,"column":2},"end":{"line":17,"column":48}},"9":{"start":{"line":17,"column":17},"end":{"line":17,"column":48}},"10":{"start":{"line":18,"column":2},"end":{"line":36,"column":4}},"11":{"start":{"line":27,"column":58},"end":{"line":27,"column":79}},"12":{"start":{"line":32,"column":47},"end":{"line":32,"column":60}},"13":{"start":{"line":39,"column":0},"end":{"line":41,"column":2}}},"fnMap":{"0":{"name":"App","decl":{"start":{"line":5,"column":9},"end":{"line":5,"column":12}},"loc":{"start":{"line":5,"column":28},"end":{"line":37,"column":1}},"line":5},"1":{"name":"(anonymous_1)","decl":{"start":{"line":27,"column":20},"end":{"line":27,"column":21}},"loc":{"start":{"line":27,"column":58},"end":{"line":27,"column":79}},"line":27},"2":{"name":"(anonymous_2)","decl":{"start":{"line":32,"column":20},"end":{"line":32,"column":21}},"loc":{"start":{"line":32,"column":47},"end":{"line":32,"column":60}},"line":32}},"branchMap":{"0":{"loc":{"start":{"line":12,"column":2},"end":{"line":15,"column":3}},"type":"if","locations":[{"start":{"line":12,"column":2},"end":{"line":15,"column":3}},{"start":{"line":12,"column":2},"end":{"line":15,"column":3}}],"line":12},"1":{"loc":{"start":{"line":16,"column":2},"end":{"line":16,"column":38}},"type":"if","locations":[{"start":{"line":16,"column":2},"end":{"line":16,"column":38}},{"start":{"line":16,"column":2},"end":{"line":16,"column":38}}],"line":16},"2":{"loc":{"start":{"line":17,"column":2},"end":{"line":17,"column":48}},"type":"if","locations":[{"start":{"line":17,"column":2},"end":{"line":17,"column":48}},{"start":{"line":17,"column":2},"end":{"line":17,"column":48}}],"line":17}},"s":{"0":13,"1":13,"2":13,"3":13,"4":1,"5":1,"6":12,"7":1,"8":11,"9":0,"10":11,"11":2,"12":1,"13":1},"f":{"0":13,"1":2,"2":1},"b":{"0":[1,12],"1":[1,11],"2":[0,11]},"_coverageSchema":"1a1c01bbd47fc00a2c39e90264f33305004495a9","hash":"493a29e610eea230a2d89231eb2ea48137f4a5db"}
,"/Users/emitdutcher/Desktop/ultima-test/src/examples/Auth/index.jsx": {"path":"/Users/emitdutcher/Desktop/ultima-test/src/examples/Auth/index.jsx","statementMap":{"0":{"start":{"line":4,"column":23},"end":{"line":4,"column":28}},"1":{"start":{"line":6,"column":14},"end":{"line":34,"column":1}},"2":{"start":{"line":9,"column":18},"end":{"line":15,"column":3}},"3":{"start":{"line":10,"column":4},"end":{"line":14,"column":5}},"4":{"start":{"line":11,"column":6},"end":{"line":11,"column":30}},"5":{"start":{"line":13,"column":6},"end":{"line":13,"column":30}},"6":{"start":{"line":16,"column":18},"end":{"line":16,"column":47}},"7":{"start":{"line":17,"column":24},"end":{"line":17,"column":62}},"8":{"start":{"line":18,"column":15},"end":{"line":18,"column":42}},"9":{"start":{"line":19,"column":16},"end":{"line":32,"column":3}},"10":{"start":{"line":33,"column":2},"end":{"line":33,"column":37}},"11":{"start":{"line":35,"column":0},"end":{"line":43,"column":2}}},"fnMap":{"0":{"name":"(anonymous_0)","decl":{"start":{"line":6,"column":14},"end":{"line":6,"column":15}},"loc":{"start":{"line":8,"column":6},"end":{"line":34,"column":1}},"line":8},"1":{"name":"(anonymous_1)","decl":{"start":{"line":9,"column":18},"end":{"line":9,"column":19}},"loc":{"start":{"line":9,"column":34},"end":{"line":15,"column":3}},"line":9}},"branchMap":{"0":{"loc":{"start":{"line":10,"column":4},"end":{"line":14,"column":5}},"type":"if","locations":[{"start":{"line":10,"column":4},"end":{"line":14,"column":5}},{"start":{"line":10,"column":4},"end":{"line":14,"column":5}}],"line":10},"1":{"loc":{"start":{"line":10,"column":8},"end":{"line":10,"column":36}},"type":"binary-expr","locations":[{"start":{"line":10,"column":8},"end":{"line":10,"column":20}},{"start":{"line":10,"column":24},"end":{"line":10,"column":36}}],"line":10}},"s":{"0":1,"1":1,"2":6,"3":3,"4":2,"5":1,"6":6,"7":6,"8":6,"9":6,"10":6,"11":1},"f":{"0":6,"1":3},"b":{"0":[2,1],"1":[3,3]},"_coverageSchema":"1a1c01bbd47fc00a2c39e90264f33305004495a9","hash":"c3f5e0f99fd7acaef6d0da84bad9aa27b6b25105"}
,"/Users/emitdutcher/Desktop/ultima-test/src/ultima/MockDebug.js": {"path":"/Users/emitdutcher/Desktop/ultima-test/src/ultima/MockDebug.js","statementMap":{"0":{"start":{"line":1,"column":18},"end":{"line":24,"column":1}},"1":{"start":{"line":4,"column":2},"end":{"line":4,"column":47}},"2":{"start":{"line":5,"column":2},"end":{"line":5,"column":43}},"3":{"start":{"line":6,"column":2},"end":{"line":14,"column":3}},"4":{"start":{"line":7,"column":25},"end":{"line":7,"column":40}},"5":{"start":{"line":8,"column":4},"end":{"line":8,"column":58}},"6":{"start":{"line":9,"column":4},"end":{"line":9,"column":11}},"7":{"start":{"line":11,"column":4},"end":{"line":13,"column":6}},"8":{"start":{"line":15,"column":2},"end":{"line":23,"column":3}},"9":{"start":{"line":16,"column":4},"end":{"line":22,"column":5}},"10":{"start":{"line":17,"column":6},"end":{"line":17,"column":62}},"11":{"start":{"line":19,"column":6},"end":{"line":21,"column":8}}},"fnMap":{"0":{"name":"(anonymous_0)","decl":{"start":{"line":1,"column":18},"end":{"line":1,"column":19}},"loc":{"start":{"line":3,"column":6},"end":{"line":24,"column":1}},"line":3}},"branchMap":{"0":{"loc":{"start":{"line":6,"column":2},"end":{"line":14,"column":3}},"type":"if","locations":[{"start":{"line":6,"column":2},"end":{"line":14,"column":3}},{"start":{"line":6,"column":2},"end":{"line":14,"column":3}}],"line":6},"1":{"loc":{"start":{"line":6,"column":6},"end":{"line":6,"column":40}},"type":"binary-expr","locations":[{"start":{"line":6,"column":6},"end":{"line":6,"column":10}},{"start":{"line":6,"column":14},"end":{"line":6,"column":40}}],"line":6},"2":{"loc":{"start":{"line":15,"column":2},"end":{"line":23,"column":3}},"type":"if","locations":[{"start":{"line":15,"column":2},"end":{"line":23,"column":3}},{"start":{"line":15,"column":2},"end":{"line":23,"column":3}}],"line":15},"3":{"loc":{"start":{"line":16,"column":4},"end":{"line":22,"column":5}},"type":"if","locations":[{"start":{"line":16,"column":4},"end":{"line":22,"column":5}},{"start":{"line":16,"column":4},"end":{"line":22,"column":5}}],"line":16}},"s":{"0":2,"1":2,"2":2,"3":2,"4":0,"5":0,"6":0,"7":2,"8":2,"9":2,"10":2,"11":0},"f":{"0":2},"b":{"0":[0,2],"1":[2,0],"2":[2,0],"3":[2,0]},"_coverageSchema":"1a1c01bbd47fc00a2c39e90264f33305004495a9","hash":"bbbc427a6ea63c803ab103c19641874ea6f8d464"}
,"/Users/emitdutcher/Desktop/ultima-test/src/ultima/changeHelper.js": {"path":"/Users/emitdutcher/Desktop/ultima-test/src/ultima/changeHelper.js","statementMap":{"0":{"start":{"line":3,"column":17},"end":{"line":17,"column":1}},"1":{"start":{"line":4,"column":15},"end":{"line":4,"column":43}},"2":{"start":{"line":5,"column":15},"end":{"line":5,"column":19}},"3":{"start":{"line":7,"column":2},"end":{"line":15,"column":3}},"4":{"start":{"line":8,"column":4},"end":{"line":11,"column":7}},"5":{"start":{"line":9,"column":6},"end":{"line":9,"column":50}},"6":{"start":{"line":9,"column":35},"end":{"line":9,"column":50}},"7":{"start":{"line":10,"column":6},"end":{"line":10,"column":38}},"8":{"start":{"line":13,"column":4},"end":{"line":13,"column":51}},"9":{"start":{"line":13,"column":33},"end":{"line":13,"column":51}},"10":{"start":{"line":14,"column":4},"end":{"line":14,"column":39}},"11":{"start":{"line":16,"column":2},"end":{"line":16,"column":16}},"12":{"start":{"line":19,"column":21},"end":{"line":26,"column":1}},"13":{"start":{"line":22,"column":13},"end":{"line":22,"column":41}},"14":{"start":{"line":23,"column":2},"end":{"line":23,"column":56}},"15":{"start":{"line":23,"column":12},"end":{"line":23,"column":56}},"16":{"start":{"line":24,"column":2},"end":{"line":24,"column":68}},"17":{"start":{"line":24,"column":18},"end":{"line":24,"column":68}},"18":{"start":{"line":25,"column":2},"end":{"line":25,"column":14}},"19":{"start":{"line":28,"column":21},"end":{"line":83,"column":1}},"20":{"start":{"line":40,"column":2},"end":{"line":43,"column":3}},"21":{"start":{"line":41,"column":4},"end":{"line":41,"column":11}},"22":{"start":{"line":42,"column":4},"end":{"line":42,"column":11}},"23":{"start":{"line":44,"column":15},"end":{"line":50,"column":4}},"24":{"start":{"line":52,"column":2},"end":{"line":81,"column":3}},"25":{"start":{"line":53,"column":4},"end":{"line":56,"column":5}},"26":{"start":{"line":54,"column":6},"end":{"line":54,"column":44}},"27":{"start":{"line":55,"column":6},"end":{"line":55,"column":18}},"28":{"start":{"line":58,"column":4},"end":{"line":59,"column":34}},"29":{"start":{"line":58,"column":17},"end":{"line":58,"column":49}},"30":{"start":{"line":59,"column":9},"end":{"line":59,"column":34}},"31":{"start":{"line":61,"column":4},"end":{"line":61,"column":79}},"32":{"start":{"line":61,"column":20},"end":{"line":61,"column":79}},"33":{"start":{"line":63,"column":4},"end":{"line":67,"column":5}},"34":{"start":{"line":64,"column":6},"end":{"line":64,"column":33}},"35":{"start":{"line":65,"column":11},"end":{"line":67,"column":5}},"36":{"start":{"line":66,"column":6},"end":{"line":66,"column":30}},"37":{"start":{"line":69,"column":4},"end":{"line":80,"column":6}},"38":{"start":{"line":82,"column":2},"end":{"line":82,"column":14}}},"fnMap":{"0":{"name":"(anonymous_0)","decl":{"start":{"line":3,"column":17},"end":{"line":3,"column":18}},"loc":{"start":{"line":3,"column":49},"end":{"line":17,"column":1}},"line":3},"1":{"name":"(anonymous_1)","decl":{"start":{"line":8,"column":17},"end":{"line":8,"column":18}},"loc":{"start":{"line":8,"column":24},"end":{"line":11,"column":5}},"line":8},"2":{"name":"(anonymous_2)","decl":{"start":{"line":19,"column":21},"end":{"line":19,"column":22}},"loc":{"start":{"line":21,"column":6},"end":{"line":26,"column":1}},"line":21},"3":{"name":"(anonymous_3)","decl":{"start":{"line":28,"column":21},"end":{"line":28,"column":22}},"loc":{"start":{"line":39,"column":6},"end":{"line":83,"column":1}},"line":39}},"branchMap":{"0":{"loc":{"start":{"line":7,"column":2},"end":{"line":15,"column":3}},"type":"if","locations":[{"start":{"line":7,"column":2},"end":{"line":15,"column":3}},{"start":{"line":7,"column":2},"end":{"line":15,"column":3}}],"line":7},"1":{"loc":{"start":{"line":9,"column":6},"end":{"line":9,"column":50}},"type":"if","locations":[{"start":{"line":9,"column":6},"end":{"line":9,"column":50}},{"start":{"line":9,"column":6},"end":{"line":9,"column":50}}],"line":9},"2":{"loc":{"start":{"line":10,"column":27},"end":{"line":10,"column":36}},"type":"binary-expr","locations":[{"start":{"line":10,"column":27},"end":{"line":10,"column":31}},{"start":{"line":10,"column":35},"end":{"line":10,"column":36}}],"line":10},"3":{"loc":{"start":{"line":13,"column":4},"end":{"line":13,"column":51}},"type":"if","locations":[{"start":{"line":13,"column":4},"end":{"line":13,"column":51}},{"start":{"line":13,"column":4},"end":{"line":13,"column":51}}],"line":13},"4":{"loc":{"start":{"line":14,"column":25},"end":{"line":14,"column":37}},"type":"binary-expr","locations":[{"start":{"line":14,"column":25},"end":{"line":14,"column":29}},{"start":{"line":14,"column":33},"end":{"line":14,"column":37}}],"line":14},"5":{"loc":{"start":{"line":23,"column":2},"end":{"line":23,"column":56}},"type":"if","locations":[{"start":{"line":23,"column":2},"end":{"line":23,"column":56}},{"start":{"line":23,"column":2},"end":{"line":23,"column":56}}],"line":23},"6":{"loc":{"start":{"line":24,"column":2},"end":{"line":24,"column":68}},"type":"if","locations":[{"start":{"line":24,"column":2},"end":{"line":24,"column":68}},{"start":{"line":24,"column":2},"end":{"line":24,"column":68}}],"line":24},"7":{"loc":{"start":{"line":33,"column":2},"end":{"line":33,"column":12}},"type":"default-arg","locations":[{"start":{"line":33,"column":10},"end":{"line":33,"column":12}}],"line":33},"8":{"loc":{"start":{"line":40,"column":2},"end":{"line":43,"column":3}},"type":"if","locations":[{"start":{"line":40,"column":2},"end":{"line":43,"column":3}},{"start":{"line":40,"column":2},"end":{"line":43,"column":3}}],"line":40},"9":{"loc":{"start":{"line":53,"column":4},"end":{"line":56,"column":5}},"type":"if","locations":[{"start":{"line":53,"column":4},"end":{"line":56,"column":5}},{"start":{"line":53,"column":4},"end":{"line":56,"column":5}}],"line":53},"10":{"loc":{"start":{"line":53,"column":8},"end":{"line":53,"column":31}},"type":"binary-expr","locations":[{"start":{"line":53,"column":8},"end":{"line":53,"column":15}},{"start":{"line":53,"column":19},"end":{"line":53,"column":31}}],"line":53},"11":{"loc":{"start":{"line":58,"column":4},"end":{"line":59,"column":34}},"type":"if","locations":[{"start":{"line":58,"column":4},"end":{"line":59,"column":34}},{"start":{"line":58,"column":4},"end":{"line":59,"column":34}}],"line":58},"12":{"loc":{"start":{"line":61,"column":4},"end":{"line":61,"column":79}},"type":"if","locations":[{"start":{"line":61,"column":4},"end":{"line":61,"column":79}},{"start":{"line":61,"column":4},"end":{"line":61,"column":79}}],"line":61},"13":{"loc":{"start":{"line":63,"column":4},"end":{"line":67,"column":5}},"type":"if","locations":[{"start":{"line":63,"column":4},"end":{"line":67,"column":5}},{"start":{"line":63,"column":4},"end":{"line":67,"column":5}}],"line":63},"14":{"loc":{"start":{"line":65,"column":11},"end":{"line":67,"column":5}},"type":"if","locations":[{"start":{"line":65,"column":11},"end":{"line":67,"column":5}},{"start":{"line":65,"column":11},"end":{"line":67,"column":5}}],"line":65}},"s":{"0":2,"1":6,"2":6,"3":6,"4":0,"5":0,"6":0,"7":0,"8":6,"9":0,"10":6,"11":6,"12":2,"13":6,"14":6,"15":6,"16":6,"17":0,"18":6,"19":2,"20":6,"21":0,"22":0,"23":6,"24":6,"25":6,"26":0,"27":0,"28":6,"29":0,"30":6,"31":6,"32":0,"33":6,"34":2,"35":4,"36":4,"37":0,"38":6},"f":{"0":6,"1":0,"2":6,"3":6},"b":{"0":[0,6],"1":[0,0],"2":[0,0],"3":[0,6],"4":[6,6],"5":[6,0],"6":[0,6],"7":[0],"8":[0,6],"9":[0,6],"10":[6,0],"11":[0,6],"12":[0,6],"13":[2,4],"14":[4,0]},"_coverageSchema":"1a1c01bbd47fc00a2c39e90264f33305004495a9","hash":"39f3d5e3003f639fb474fc233d417960ff39f001"}
,"/Users/emitdutcher/Desktop/ultima-test/src/ultima/expectArray.js": {"path":"/Users/emitdutcher/Desktop/ultima-test/src/ultima/expectArray.js","statementMap":{"0":{"start":{"line":6,"column":20},"end":{"line":194,"column":1}},"1":{"start":{"line":20,"column":6},"end":{"line":20,"column":10}},"2":{"start":{"line":21,"column":21},"end":{"line":21,"column":23}},"3":{"start":{"line":22,"column":2},"end":{"line":189,"column":3}},"4":{"start":{"line":23,"column":4},"end":{"line":25,"column":7}},"5":{"start":{"line":24,"column":6},"end":{"line":24,"column":26}},"6":{"start":{"line":26,"column":4},"end":{"line":186,"column":6}},"7":{"start":{"line":44,"column":22},"end":{"line":44,"column":56}},"8":{"start":{"line":45,"column":21},"end":{"line":45,"column":45}},"9":{"start":{"line":46,"column":8},"end":{"line":54,"column":9}},"10":{"start":{"line":47,"column":32},"end":{"line":47,"column":60}},"11":{"start":{"line":48,"column":10},"end":{"line":53,"column":13}},"12":{"start":{"line":56,"column":33},"end":{"line":66,"column":9}},"13":{"start":{"line":68,"column":8},"end":{"line":78,"column":9}},"14":{"start":{"line":69,"column":23},"end":{"line":69,"column":53}},"15":{"start":{"line":71,"column":10},"end":{"line":76,"column":13}},"16":{"start":{"line":77,"column":10},"end":{"line":77,"column":27}},"17":{"start":{"line":80,"column":8},"end":{"line":135,"column":9}},"18":{"start":{"line":81,"column":10},"end":{"line":133,"column":13}},"19":{"start":{"line":82,"column":12},"end":{"line":132,"column":15}},"20":{"start":{"line":83,"column":14},"end":{"line":95,"column":15}},"21":{"start":{"line":91,"column":16},"end":{"line":94,"column":18}},"22":{"start":{"line":96,"column":33},"end":{"line":96,"column":52}},"23":{"start":{"line":98,"column":14},"end":{"line":131,"column":17}},"24":{"start":{"line":103,"column":16},"end":{"line":105,"column":17}},"25":{"start":{"line":104,"column":18},"end":{"line":104,"column":51}},"26":{"start":{"line":106,"column":16},"end":{"line":106,"column":66}},"27":{"start":{"line":108,"column":16},"end":{"line":118,"column":17}},"28":{"start":{"line":109,"column":29},"end":{"line":109,"column":57}},"29":{"start":{"line":110,"column":18},"end":{"line":110,"column":63}},"30":{"start":{"line":110,"column":34},"end":{"line":110,"column":63}},"31":{"start":{"line":112,"column":18},"end":{"line":116,"column":21}},"32":{"start":{"line":117,"column":18},"end":{"line":117,"column":36}},"33":{"start":{"line":120,"column":41},"end":{"line":120,"column":57}},"34":{"start":{"line":121,"column":16},"end":{"line":123,"column":17}},"35":{"start":{"line":122,"column":18},"end":{"line":122,"column":59}},"36":{"start":{"line":124,"column":16},"end":{"line":128,"column":74}},"37":{"start":{"line":125,"column":18},"end":{"line":127,"column":20}},"38":{"start":{"line":128,"column":23},"end":{"line":128,"column":74}},"39":{"start":{"line":130,"column":16},"end":{"line":130,"column":33}},"40":{"start":{"line":134,"column":10},"end":{"line":134,"column":27}},"41":{"start":{"line":137,"column":8},"end":{"line":183,"column":11}},"42":{"start":{"line":138,"column":30},"end":{"line":138,"column":41}},"43":{"start":{"line":139,"column":29},"end":{"line":139,"column":39}},"44":{"start":{"line":140,"column":31},"end":{"line":140,"column":39}},"45":{"start":{"line":141,"column":10},"end":{"line":154,"column":11}},"46":{"start":{"line":142,"column":12},"end":{"line":144,"column":13}},"47":{"start":{"line":143,"column":14},"end":{"line":143,"column":43}},"48":{"start":{"line":145,"column":12},"end":{"line":145,"column":70}},"49":{"start":{"line":145,"column":41},"end":{"line":145,"column":70}},"50":{"start":{"line":146,"column":12},"end":{"line":150,"column":13}},"51":{"start":{"line":147,"column":14},"end":{"line":149,"column":15}},"52":{"start":{"line":148,"column":16},"end":{"line":148,"column":49}},"53":{"start":{"line":151,"column":12},"end":{"line":153,"column":13}},"54":{"start":{"line":152,"column":14},"end":{"line":152,"column":63}},"55":{"start":{"line":155,"column":10},"end":{"line":157,"column":11}},"56":{"start":{"line":156,"column":12},"end":{"line":156,"column":38}},"57":{"start":{"line":159,"column":23},"end":{"line":159,"column":53}},"58":{"start":{"line":161,"column":10},"end":{"line":168,"column":11}},"59":{"start":{"line":162,"column":12},"end":{"line":166,"column":15}},"60":{"start":{"line":167,"column":12},"end":{"line":167,"column":30}},"61":{"start":{"line":169,"column":10},"end":{"line":181,"column":11}},"62":{"start":{"line":170,"column":12},"end":{"line":178,"column":13}},"63":{"start":{"line":175,"column":14},"end":{"line":175,"column":74}},"64":{"start":{"line":177,"column":14},"end":{"line":177,"column":66}},"65":{"start":{"line":180,"column":12},"end":{"line":180,"column":50}},"66":{"start":{"line":182,"column":10},"end":{"line":182,"column":27}},"67":{"start":{"line":184,"column":8},"end":{"line":184,"column":25}},"68":{"start":{"line":188,"column":4},"end":{"line":188,"column":46}},"69":{"start":{"line":190,"column":2},"end":{"line":192,"column":3}},"70":{"start":{"line":191,"column":4},"end":{"line":191,"column":30}},"71":{"start":{"line":193,"column":2},"end":{"line":193,"column":19}}},"fnMap":{"0":{"name":"(anonymous_0)","decl":{"start":{"line":6,"column":20},"end":{"line":6,"column":21}},"loc":{"start":{"line":6,"column":41},"end":{"line":194,"column":1}},"line":6},"1":{"name":"(anonymous_1)","decl":{"start":{"line":23,"column":15},"end":{"line":23,"column":16}},"loc":{"start":{"line":23,"column":21},"end":{"line":25,"column":5}},"line":23},"2":{"name":"(anonymous_2)","decl":{"start":{"line":27,"column":6},"end":{"line":27,"column":7}},"loc":{"start":{"line":43,"column":11},"end":{"line":185,"column":7}},"line":43},"3":{"name":"(anonymous_3)","decl":{"start":{"line":81,"column":41},"end":{"line":81,"column":42}},"loc":{"start":{"line":81,"column":47},"end":{"line":133,"column":11}},"line":81},"4":{"name":"(anonymous_4)","decl":{"start":{"line":82,"column":27},"end":{"line":82,"column":28}},"loc":{"start":{"line":82,"column":39},"end":{"line":132,"column":13}},"line":82},"5":{"name":"(anonymous_5)","decl":{"start":{"line":102,"column":18},"end":{"line":102,"column":19}},"loc":{"start":{"line":102,"column":24},"end":{"line":131,"column":15}},"line":102},"6":{"name":"(anonymous_6)","decl":{"start":{"line":137,"column":33},"end":{"line":137,"column":34}},"loc":{"start":{"line":137,"column":39},"end":{"line":183,"column":9}},"line":137}},"branchMap":{"0":{"loc":{"start":{"line":14,"column":4},"end":{"line":14,"column":41}},"type":"default-arg","locations":[{"start":{"line":14,"column":17},"end":{"line":14,"column":41}}],"line":14},"1":{"loc":{"start":{"line":38,"column":22},"end":{"line":38,"column":51}},"type":"default-arg","locations":[{"start":{"line":38,"column":41},"end":{"line":38,"column":51}}],"line":38},"2":{"loc":{"start":{"line":45,"column":21},"end":{"line":45,"column":45}},"type":"binary-expr","locations":[{"start":{"line":45,"column":21},"end":{"line":45,"column":31}},{"start":{"line":45,"column":35},"end":{"line":45,"column":45}}],"line":45},"3":{"loc":{"start":{"line":46,"column":8},"end":{"line":54,"column":9}},"type":"if","locations":[{"start":{"line":46,"column":8},"end":{"line":54,"column":9}},{"start":{"line":46,"column":8},"end":{"line":54,"column":9}}],"line":46},"4":{"loc":{"start":{"line":58,"column":16},"end":{"line":58,"column":39}},"type":"binary-expr","locations":[{"start":{"line":58,"column":16},"end":{"line":58,"column":26}},{"start":{"line":58,"column":30},"end":{"line":58,"column":39}}],"line":58},"5":{"loc":{"start":{"line":68,"column":8},"end":{"line":78,"column":9}},"type":"if","locations":[{"start":{"line":68,"column":8},"end":{"line":78,"column":9}},{"start":{"line":68,"column":8},"end":{"line":78,"column":9}}],"line":68},"6":{"loc":{"start":{"line":80,"column":8},"end":{"line":135,"column":9}},"type":"if","locations":[{"start":{"line":80,"column":8},"end":{"line":135,"column":9}},{"start":{"line":80,"column":8},"end":{"line":135,"column":9}}],"line":80},"7":{"loc":{"start":{"line":81,"column":19},"end":{"line":81,"column":39}},"type":"binary-expr","locations":[{"start":{"line":81,"column":19},"end":{"line":81,"column":30}},{"start":{"line":81,"column":34},"end":{"line":81,"column":39}}],"line":81},"8":{"loc":{"start":{"line":83,"column":14},"end":{"line":95,"column":15}},"type":"if","locations":[{"start":{"line":83,"column":14},"end":{"line":95,"column":15}},{"start":{"line":83,"column":14},"end":{"line":95,"column":15}}],"line":83},"9":{"loc":{"start":{"line":84,"column":16},"end":{"line":89,"column":69}},"type":"binary-expr","locations":[{"start":{"line":84,"column":16},"end":{"line":84,"column":33}},{"start":{"line":85,"column":19},"end":{"line":85,"column":52}},{"start":{"line":86,"column":20},"end":{"line":86,"column":56}},{"start":{"line":87,"column":21},"end":{"line":87,"column":53}},{"start":{"line":88,"column":20},"end":{"line":88,"column":35}},{"start":{"line":88,"column":39},"end":{"line":88,"column":67}},{"start":{"line":89,"column":20},"end":{"line":89,"column":34}},{"start":{"line":89,"column":38},"end":{"line":89,"column":68}}],"line":84},"10":{"loc":{"start":{"line":99,"column":16},"end":{"line":101,"column":30}},"type":"cond-expr","locations":[{"start":{"line":100,"column":20},"end":{"line":100,"column":51}},{"start":{"line":101,"column":20},"end":{"line":101,"column":30}}],"line":99},"11":{"loc":{"start":{"line":103,"column":16},"end":{"line":105,"column":17}},"type":"if","locations":[{"start":{"line":103,"column":16},"end":{"line":105,"column":17}},{"start":{"line":103,"column":16},"end":{"line":105,"column":17}}],"line":103},"12":{"loc":{"start":{"line":103,"column":20},"end":{"line":103,"column":73}},"type":"binary-expr","locations":[{"start":{"line":103,"column":20},"end":{"line":103,"column":37}},{"start":{"line":103,"column":41},"end":{"line":103,"column":73}}],"line":103},"13":{"loc":{"start":{"line":108,"column":16},"end":{"line":118,"column":17}},"type":"if","locations":[{"start":{"line":108,"column":16},"end":{"line":118,"column":17}},{"start":{"line":108,"column":16},"end":{"line":118,"column":17}}],"line":108},"14":{"loc":{"start":{"line":110,"column":18},"end":{"line":110,"column":63}},"type":"if","locations":[{"start":{"line":110,"column":18},"end":{"line":110,"column":63}},{"start":{"line":110,"column":18},"end":{"line":110,"column":63}}],"line":110},"15":{"loc":{"start":{"line":121,"column":16},"end":{"line":123,"column":17}},"type":"if","locations":[{"start":{"line":121,"column":16},"end":{"line":123,"column":17}},{"start":{"line":121,"column":16},"end":{"line":123,"column":17}}],"line":121},"16":{"loc":{"start":{"line":124,"column":16},"end":{"line":128,"column":74}},"type":"if","locations":[{"start":{"line":124,"column":16},"end":{"line":128,"column":74}},{"start":{"line":124,"column":16},"end":{"line":128,"column":74}}],"line":124},"17":{"loc":{"start":{"line":137,"column":11},"end":{"line":137,"column":31}},"type":"binary-expr","locations":[{"start":{"line":137,"column":11},"end":{"line":137,"column":22}},{"start":{"line":137,"column":26},"end":{"line":137,"column":31}}],"line":137},"18":{"loc":{"start":{"line":141,"column":10},"end":{"line":154,"column":11}},"type":"if","locations":[{"start":{"line":141,"column":10},"end":{"line":154,"column":11}},{"start":{"line":141,"column":10},"end":{"line":154,"column":11}}],"line":141},"19":{"loc":{"start":{"line":142,"column":12},"end":{"line":144,"column":13}},"type":"if","locations":[{"start":{"line":142,"column":12},"end":{"line":144,"column":13}},{"start":{"line":142,"column":12},"end":{"line":144,"column":13}}],"line":142},"20":{"loc":{"start":{"line":145,"column":12},"end":{"line":145,"column":70}},"type":"if","locations":[{"start":{"line":145,"column":12},"end":{"line":145,"column":70}},{"start":{"line":145,"column":12},"end":{"line":145,"column":70}}],"line":145},"21":{"loc":{"start":{"line":146,"column":12},"end":{"line":150,"column":13}},"type":"if","locations":[{"start":{"line":146,"column":12},"end":{"line":150,"column":13}},{"start":{"line":146,"column":12},"end":{"line":150,"column":13}}],"line":146},"22":{"loc":{"start":{"line":147,"column":14},"end":{"line":149,"column":15}},"type":"if","locations":[{"start":{"line":147,"column":14},"end":{"line":149,"column":15}},{"start":{"line":147,"column":14},"end":{"line":149,"column":15}}],"line":147},"23":{"loc":{"start":{"line":151,"column":12},"end":{"line":153,"column":13}},"type":"if","locations":[{"start":{"line":151,"column":12},"end":{"line":153,"column":13}},{"start":{"line":151,"column":12},"end":{"line":153,"column":13}}],"line":151},"24":{"loc":{"start":{"line":155,"column":10},"end":{"line":157,"column":11}},"type":"if","locations":[{"start":{"line":155,"column":10},"end":{"line":157,"column":11}},{"start":{"line":155,"column":10},"end":{"line":157,"column":11}}],"line":155},"25":{"loc":{"start":{"line":155,"column":14},"end":{"line":155,"column":54}},"type":"binary-expr","locations":[{"start":{"line":155,"column":14},"end":{"line":155,"column":27}},{"start":{"line":155,"column":31},"end":{"line":155,"column":54}}],"line":155},"26":{"loc":{"start":{"line":161,"column":10},"end":{"line":168,"column":11}},"type":"if","locations":[{"start":{"line":161,"column":10},"end":{"line":168,"column":11}},{"start":{"line":161,"column":10},"end":{"line":168,"column":11}}],"line":161},"27":{"loc":{"start":{"line":169,"column":10},"end":{"line":181,"column":11}},"type":"if","locations":[{"start":{"line":169,"column":10},"end":{"line":181,"column":11}},{"start":{"line":169,"column":10},"end":{"line":181,"column":11}}],"line":169},"28":{"loc":{"start":{"line":170,"column":12},"end":{"line":178,"column":13}},"type":"if","locations":[{"start":{"line":170,"column":12},"end":{"line":178,"column":13}},{"start":{"line":170,"column":12},"end":{"line":178,"column":13}}],"line":170},"29":{"loc":{"start":{"line":171,"column":14},"end":{"line":173,"column":47}},"type":"binary-expr","locations":[{"start":{"line":171,"column":14},"end":{"line":171,"column":48}},{"start":{"line":172,"column":17},"end":{"line":172,"column":41}},{"start":{"line":173,"column":17},"end":{"line":173,"column":47}}],"line":171},"30":{"loc":{"start":{"line":190,"column":2},"end":{"line":192,"column":3}},"type":"if","locations":[{"start":{"line":190,"column":2},"end":{"line":192,"column":3}},{"start":{"line":190,"column":2},"end":{"line":192,"column":3}}],"line":190}},"s":{"0":2,"1":3,"2":3,"3":3,"4":3,"5":6,"6":3,"7":4,"8":4,"9":4,"10":1,"11":1,"12":4,"13":4,"14":0,"15":0,"16":0,"17":4,"18":1,"19":1,"20":3,"21":0,"22":3,"23":3,"24":3,"25":3,"26":3,"27":3,"28":0,"29":0,"30":0,"31":0,"32":0,"33":3,"34":3,"35":0,"36":3,"37":3,"38":0,"39":3,"40":1,"41":3,"42":3,"43":3,"44":3,"45":3,"46":2,"47":0,"48":2,"49":2,"50":2,"51":2,"52":0,"53":2,"54":0,"55":3,"56":3,"57":3,"58":3,"59":0,"60":0,"61":3,"62":3,"63":2,"64":1,"65":0,"66":3,"67":3,"68":0,"69":3,"70":0,"71":3},"f":{"0":3,"1":6,"2":4,"3":1,"4":3,"5":3,"6":3},"b":{"0":[0],"1":[4],"2":[4,4],"3":[1,3],"4":[4,0],"5":[0,4],"6":[1,3],"7":[1,0],"8":[0,3],"9":[3,3,3,0,3,0,3,3],"10":[0,3],"11":[3,0],"12":[3,3],"13":[0,3],"14":[0,0],"15":[0,3],"16":[3,0],"17":[3,0],"18":[2,1],"19":[0,2],"20":[2,0],"21":[2,0],"22":[0,2],"23":[0,2],"24":[3,0],"25":[3,3],"26":[0,3],"27":[3,0],"28":[2,1],"29":[3,2,2],"30":[0,3]},"_coverageSchema":"1a1c01bbd47fc00a2c39e90264f33305004495a9","hash":"aa1d691859fb40df3f8f0c436d4cb7dff929e7f8"}
,"/Users/emitdutcher/Desktop/ultima-test/src/ultima/index.js": {"path":"/Users/emitdutcher/Desktop/ultima-test/src/ultima/index.js","statementMap":{"0":{"start":{"line":7,"column":0},"end":{"line":7,"column":45}},"1":{"start":{"line":25,"column":2},"end":{"line":176,"column":3}},"2":{"start":{"line":35,"column":8},"end":{"line":35,"column":20}},"3":{"start":{"line":32,"column":41},"end":{"line":32,"column":45}},"4":{"start":{"line":33,"column":39},"end":{"line":33,"column":43}},"5":{"start":{"line":37,"column":27},"end":{"line":45,"column":66}},"6":{"start":{"line":39,"column":27},"end":{"line":42,"column":9}},"7":{"start":{"line":43,"column":8},"end":{"line":43,"column":60}},"8":{"start":{"line":43,"column":48},"end":{"line":43,"column":58}},"9":{"start":{"line":45,"column":14},"end":{"line":45,"column":66}},"10":{"start":{"line":47,"column":25},"end":{"line":58,"column":5}},"11":{"start":{"line":48,"column":6},"end":{"line":48,"column":27}},"12":{"start":{"line":49,"column":6},"end":{"line":57,"column":9}},"13":{"start":{"line":50,"column":8},"end":{"line":56,"column":9}},"14":{"start":{"line":51,"column":10},"end":{"line":51,"column":80}},"15":{"start":{"line":51,"column":55},"end":{"line":51,"column":78}},"16":{"start":{"line":53,"column":10},"end":{"line":55,"column":12}},"17":{"start":{"line":59,"column":4},"end":{"line":173,"column":6}},"18":{"start":{"line":60,"column":25},"end":{"line":170,"column":8}},"19":{"start":{"line":61,"column":25},"end":{"line":168,"column":9}},"20":{"start":{"line":76,"column":14},"end":{"line":76,"column":45}},"21":{"start":{"line":69,"column":50},"end":{"line":69,"column":54}},"22":{"start":{"line":78,"column":10},"end":{"line":167,"column":13}},"23":{"start":{"line":79,"column":12},"end":{"line":88,"column":15}},"24":{"start":{"line":80,"column":14},"end":{"line":84,"column":15}},"25":{"start":{"line":81,"column":16},"end":{"line":81,"column":33}},"26":{"start":{"line":83,"column":16},"end":{"line":83,"column":70}},"27":{"start":{"line":85,"column":14},"end":{"line":87,"column":15}},"28":{"start":{"line":86,"column":16},"end":{"line":86,"column":71}},"29":{"start":{"line":86,"column":52},"end":{"line":86,"column":69}},"30":{"start":{"line":89,"column":12},"end":{"line":95,"column":15}},"31":{"start":{"line":90,"column":14},"end":{"line":94,"column":15}},"32":{"start":{"line":91,"column":16},"end":{"line":91,"column":32}},"33":{"start":{"line":93,"column":16},"end":{"line":93,"column":69}},"34":{"start":{"line":96,"column":30},"end":{"line":96,"column":39}},"35":{"start":{"line":97,"column":31},"end":{"line":97,"column":36}},"36":{"start":{"line":98,"column":28},"end":{"line":98,"column":30}},"37":{"start":{"line":99,"column":30},"end":{"line":99,"column":34}},"38":{"start":{"line":100,"column":33},"end":{"line":100,"column":40}},"39":{"start":{"line":101,"column":31},"end":{"line":101,"column":40}},"40":{"start":{"line":102,"column":32},"end":{"line":102,"column":38}},"41":{"start":{"line":103,"column":30},"end":{"line":103,"column":34}},"42":{"start":{"line":104,"column":31},"end":{"line":104,"column":36}},"43":{"start":{"line":105,"column":36},"end":{"line":105,"column":46}},"44":{"start":{"line":106,"column":37},"end":{"line":106,"column":48}},"45":{"start":{"line":107,"column":36},"end":{"line":107,"column":46}},"46":{"start":{"line":108,"column":34},"end":{"line":108,"column":42}},"47":{"start":{"line":109,"column":32},"end":{"line":109,"column":38}},"48":{"start":{"line":111,"column":26},"end":{"line":111,"column":60}},"49":{"start":{"line":113,"column":12},"end":{"line":120,"column":13}},"50":{"start":{"line":114,"column":14},"end":{"line":119,"column":17}},"51":{"start":{"line":122,"column":12},"end":{"line":146,"column":13}},"52":{"start":{"line":123,"column":14},"end":{"line":144,"column":17}},"53":{"start":{"line":124,"column":16},"end":{"line":143,"column":18}},"54":{"start":{"line":145,"column":14},"end":{"line":145,"column":31}},"55":{"start":{"line":148,"column":12},"end":{"line":165,"column":15}},"56":{"start":{"line":149,"column":14},"end":{"line":163,"column":15}},"57":{"start":{"line":150,"column":16},"end":{"line":161,"column":19}},"58":{"start":{"line":162,"column":16},"end":{"line":162,"column":33}},"59":{"start":{"line":164,"column":14},"end":{"line":164,"column":31}},"60":{"start":{"line":166,"column":12},"end":{"line":166,"column":29}},"61":{"start":{"line":169,"column":8},"end":{"line":169,"column":19}},"62":{"start":{"line":175,"column":4},"end":{"line":175,"column":69}}},"fnMap":{"0":{"name":"Ultima","decl":{"start":{"line":24,"column":9},"end":{"line":24,"column":15}},"loc":{"start":{"line":24,"column":35},"end":{"line":177,"column":1}},"line":24},"1":{"name":"(anonymous_1)","decl":{"start":{"line":32,"column":35},"end":{"line":32,"column":36}},"loc":{"start":{"line":32,"column":41},"end":{"line":32,"column":45}},"line":32},"2":{"name":"(anonymous_2)","decl":{"start":{"line":33,"column":33},"end":{"line":33,"column":34}},"loc":{"start":{"line":33,"column":39},"end":{"line":33,"column":43}},"line":33},"3":{"name":"(anonymous_3)","decl":{"start":{"line":38,"column":8},"end":{"line":38,"column":9}},"loc":{"start":{"line":38,"column":30},"end":{"line":44,"column":7}},"line":38},"4":{"name":"(anonymous_4)","decl":{"start":{"line":43,"column":42},"end":{"line":43,"column":43}},"loc":{"start":{"line":43,"column":48},"end":{"line":43,"column":58}},"line":43},"5":{"name":"(anonymous_5)","decl":{"start":{"line":45,"column":8},"end":{"line":45,"column":9}},"loc":{"start":{"line":45,"column":14},"end":{"line":45,"column":66}},"line":45},"6":{"name":"(anonymous_6)","decl":{"start":{"line":47,"column":25},"end":{"line":47,"column":26}},"loc":{"start":{"line":47,"column":44},"end":{"line":58,"column":5}},"line":47},"7":{"name":"(anonymous_7)","decl":{"start":{"line":49,"column":25},"end":{"line":49,"column":26}},"loc":{"start":{"line":49,"column":41},"end":{"line":57,"column":7}},"line":49},"8":{"name":"(anonymous_8)","decl":{"start":{"line":51,"column":49},"end":{"line":51,"column":50}},"loc":{"start":{"line":51,"column":55},"end":{"line":51,"column":78}},"line":51},"9":{"name":"(anonymous_9)","decl":{"start":{"line":60,"column":14},"end":{"line":60,"column":15}},"loc":{"start":{"line":60,"column":25},"end":{"line":170,"column":8}},"line":60},"10":{"name":"(anonymous_10)","decl":{"start":{"line":60,"column":39},"end":{"line":60,"column":40}},"loc":{"start":{"line":60,"column":51},"end":{"line":170,"column":7}},"line":60},"11":{"name":"(anonymous_11)","decl":{"start":{"line":61,"column":25},"end":{"line":61,"column":26}},"loc":{"start":{"line":61,"column":31},"end":{"line":168,"column":9}},"line":61},"12":{"name":"(anonymous_12)","decl":{"start":{"line":69,"column":44},"end":{"line":69,"column":45}},"loc":{"start":{"line":69,"column":50},"end":{"line":69,"column":54}},"line":69},"13":{"name":"(anonymous_13)","decl":{"start":{"line":78,"column":57},"end":{"line":78,"column":58}},"loc":{"start":{"line":78,"column":63},"end":{"line":167,"column":11}},"line":78},"14":{"name":"(anonymous_14)","decl":{"start":{"line":79,"column":23},"end":{"line":79,"column":24}},"loc":{"start":{"line":79,"column":29},"end":{"line":88,"column":13}},"line":79},"15":{"name":"(anonymous_15)","decl":{"start":{"line":86,"column":46},"end":{"line":86,"column":47}},"loc":{"start":{"line":86,"column":52},"end":{"line":86,"column":69}},"line":86},"16":{"name":"(anonymous_16)","decl":{"start":{"line":89,"column":22},"end":{"line":89,"column":23}},"loc":{"start":{"line":89,"column":28},"end":{"line":95,"column":13}},"line":89},"17":{"name":"(anonymous_17)","decl":{"start":{"line":123,"column":35},"end":{"line":123,"column":36}},"loc":{"start":{"line":123,"column":41},"end":{"line":144,"column":15}},"line":123},"18":{"name":"(anonymous_18)","decl":{"start":{"line":148,"column":27},"end":{"line":148,"column":28}},"loc":{"start":{"line":148,"column":33},"end":{"line":165,"column":13}},"line":148}},"branchMap":{"0":{"loc":{"start":{"line":24,"column":16},"end":{"line":24,"column":33}},"type":"default-arg","locations":[{"start":{"line":24,"column":31},"end":{"line":24,"column":33}}],"line":24},"1":{"loc":{"start":{"line":28,"column":6},"end":{"line":28,"column":28}},"type":"default-arg","locations":[{"start":{"line":28,"column":26},"end":{"line":28,"column":28}}],"line":28},"2":{"loc":{"start":{"line":29,"column":6},"end":{"line":29,"column":28}},"type":"default-arg","locations":[{"start":{"line":29,"column":19},"end":{"line":29,"column":28}}],"line":29},"3":{"loc":{"start":{"line":30,"column":6},"end":{"line":30,"column":23}},"type":"default-arg","locations":[{"start":{"line":30,"column":21},"end":{"line":30,"column":23}}],"line":30},"4":{"loc":{"start":{"line":31,"column":14},"end":{"line":31,"column":32}},"type":"default-arg","locations":[{"start":{"line":31,"column":30},"end":{"line":31,"column":32}}],"line":31},"5":{"loc":{"start":{"line":32,"column":18},"end":{"line":32,"column":45}},"type":"default-arg","locations":[{"start":{"line":32,"column":35},"end":{"line":32,"column":45}}],"line":32},"6":{"loc":{"start":{"line":33,"column":17},"end":{"line":33,"column":43}},"type":"default-arg","locations":[{"start":{"line":33,"column":33},"end":{"line":33,"column":43}}],"line":33},"7":{"loc":{"start":{"line":37,"column":27},"end":{"line":45,"column":66}},"type":"cond-expr","locations":[{"start":{"line":38,"column":8},"end":{"line":44,"column":7}},{"start":{"line":45,"column":8},"end":{"line":45,"column":66}}],"line":37},"8":{"loc":{"start":{"line":51,"column":61},"end":{"line":51,"column":77}},"type":"binary-expr","locations":[{"start":{"line":51,"column":61},"end":{"line":51,"column":64}},{"start":{"line":51,"column":68},"end":{"line":51,"column":77}}],"line":51},"9":{"loc":{"start":{"line":69,"column":24},"end":{"line":69,"column":54}},"type":"default-arg","locations":[{"start":{"line":69,"column":44},"end":{"line":69,"column":54}}],"line":69},"10":{"loc":{"start":{"line":70,"column":12},"end":{"line":70,"column":24}},"type":"default-arg","locations":[{"start":{"line":70,"column":22},"end":{"line":70,"column":24}}],"line":70},"11":{"loc":{"start":{"line":73,"column":12},"end":{"line":73,"column":47}},"type":"default-arg","locations":[{"start":{"line":73,"column":25},"end":{"line":73,"column":47}}],"line":73},"12":{"loc":{"start":{"line":78,"column":22},"end":{"line":78,"column":53}},"type":"binary-expr","locations":[{"start":{"line":78,"column":22},"end":{"line":78,"column":36}},{"start":{"line":78,"column":40},"end":{"line":78,"column":53}}],"line":78},"13":{"loc":{"start":{"line":85,"column":14},"end":{"line":87,"column":15}},"type":"if","locations":[{"start":{"line":85,"column":14},"end":{"line":87,"column":15}},{"start":{"line":85,"column":14},"end":{"line":87,"column":15}}],"line":85},"14":{"loc":{"start":{"line":113,"column":12},"end":{"line":120,"column":13}},"type":"if","locations":[{"start":{"line":113,"column":12},"end":{"line":120,"column":13}},{"start":{"line":113,"column":12},"end":{"line":120,"column":13}}],"line":113},"15":{"loc":{"start":{"line":122,"column":12},"end":{"line":146,"column":13}},"type":"if","locations":[{"start":{"line":122,"column":12},"end":{"line":146,"column":13}},{"start":{"line":122,"column":12},"end":{"line":146,"column":13}}],"line":122},"16":{"loc":{"start":{"line":130,"column":24},"end":{"line":130,"column":76}},"type":"binary-expr","locations":[{"start":{"line":130,"column":24},"end":{"line":130,"column":33}},{"start":{"line":130,"column":38},"end":{"line":130,"column":45}},{"start":{"line":130,"column":49},"end":{"line":130,"column":62}},{"start":{"line":130,"column":67},"end":{"line":130,"column":76}}],"line":130},"17":{"loc":{"start":{"line":149,"column":14},"end":{"line":163,"column":15}},"type":"if","locations":[{"start":{"line":149,"column":14},"end":{"line":163,"column":15}},{"start":{"line":149,"column":14},"end":{"line":163,"column":15}}],"line":149},"18":{"loc":{"start":{"line":152,"column":24},"end":{"line":152,"column":76}},"type":"binary-expr","locations":[{"start":{"line":152,"column":24},"end":{"line":152,"column":33}},{"start":{"line":152,"column":38},"end":{"line":152,"column":45}},{"start":{"line":152,"column":49},"end":{"line":152,"column":62}},{"start":{"line":152,"column":67},"end":{"line":152,"column":76}}],"line":152}},"s":{"0":2,"1":2,"2":2,"3":11,"4":11,"5":2,"6":2,"7":2,"8":1,"9":0,"10":2,"11":2,"12":2,"13":4,"14":4,"15":4,"16":0,"17":2,"18":2,"19":8,"20":8,"21":6,"22":8,"23":8,"24":11,"25":11,"26":0,"27":11,"28":8,"29":12,"30":8,"31":11,"32":11,"33":0,"34":8,"35":8,"36":8,"37":8,"38":8,"39":8,"40":8,"41":8,"42":8,"43":8,"44":8,"45":8,"46":8,"47":8,"48":8,"49":8,"50":1,"51":8,"52":3,"53":3,"54":3,"55":5,"56":5,"57":5,"58":2,"59":0,"60":5,"61":8,"62":0},"f":{"0":2,"1":11,"2":11,"3":2,"4":1,"5":0,"6":2,"7":4,"8":4,"9":2,"10":8,"11":8,"12":6,"13":8,"14":11,"15":12,"16":11,"17":3,"18":5},"b":{"0":[0],"1":[1],"2":[1],"3":[1],"4":[1],"5":[2],"6":[2],"7":[1,1],"8":[4,0],"9":[8],"10":[5],"11":[6],"12":[8,0],"13":[8,3],"14":[1,7],"15":[3,5],"16":[3,0,0,0],"17":[5,0],"18":[5,5,0,5]},"_coverageSchema":"1a1c01bbd47fc00a2c39e90264f33305004495a9","hash":"0d12cb433850d2a53a4333a403cb410eaacc0b08"}
,"/Users/emitdutcher/Desktop/ultima-test/src/ultima/noChange.js": {"path":"/Users/emitdutcher/Desktop/ultima-test/src/ultima/noChange.js","statementMap":{"0":{"start":{"line":3,"column":17},"end":{"line":37,"column":1}},"1":{"start":{"line":14,"column":6},"end":{"line":14,"column":10}},"2":{"start":{"line":15,"column":2},"end":{"line":15,"column":19}},"3":{"start":{"line":15,"column":12},"end":{"line":15,"column":19}},"4":{"start":{"line":16,"column":13},"end":{"line":16,"column":41}},"5":{"start":{"line":17,"column":2},"end":{"line":17,"column":35}},"6":{"start":{"line":17,"column":12},"end":{"line":17,"column":35}},"7":{"start":{"line":19,"column":2},"end":{"line":25,"column":3}},"8":{"start":{"line":20,"column":4},"end":{"line":24,"column":7}},"9":{"start":{"line":31,"column":2},"end":{"line":34,"column":3}},"10":{"start":{"line":32,"column":4},"end":{"line":32,"column":59}},"11":{"start":{"line":33,"column":4},"end":{"line":33,"column":21}},"12":{"start":{"line":35,"column":2},"end":{"line":35,"column":44}},"13":{"start":{"line":36,"column":2},"end":{"line":36,"column":19}}},"fnMap":{"0":{"name":"(anonymous_0)","decl":{"start":{"line":3,"column":17},"end":{"line":3,"column":18}},"loc":{"start":{"line":3,"column":27},"end":{"line":37,"column":1}},"line":3}},"branchMap":{"0":{"loc":{"start":{"line":8,"column":4},"end":{"line":8,"column":14}},"type":"default-arg","locations":[{"start":{"line":8,"column":12},"end":{"line":8,"column":14}}],"line":8},"1":{"loc":{"start":{"line":15,"column":2},"end":{"line":15,"column":19}},"type":"if","locations":[{"start":{"line":15,"column":2},"end":{"line":15,"column":19}},{"start":{"line":15,"column":2},"end":{"line":15,"column":19}}],"line":15},"2":{"loc":{"start":{"line":17,"column":2},"end":{"line":17,"column":35}},"type":"if","locations":[{"start":{"line":17,"column":2},"end":{"line":17,"column":35}},{"start":{"line":17,"column":2},"end":{"line":17,"column":35}}],"line":17},"3":{"loc":{"start":{"line":19,"column":2},"end":{"line":25,"column":3}},"type":"if","locations":[{"start":{"line":19,"column":2},"end":{"line":25,"column":3}},{"start":{"line":19,"column":2},"end":{"line":25,"column":3}}],"line":19},"4":{"loc":{"start":{"line":31,"column":2},"end":{"line":34,"column":3}},"type":"if","locations":[{"start":{"line":31,"column":2},"end":{"line":34,"column":3}},{"start":{"line":31,"column":2},"end":{"line":34,"column":3}}],"line":31},"5":{"loc":{"start":{"line":32,"column":11},"end":{"line":32,"column":30}},"type":"binary-expr","locations":[{"start":{"line":32,"column":11},"end":{"line":32,"column":22}},{"start":{"line":32,"column":26},"end":{"line":32,"column":30}}],"line":32},"6":{"loc":{"start":{"line":35,"column":9},"end":{"line":35,"column":28}},"type":"binary-expr","locations":[{"start":{"line":35,"column":9},"end":{"line":35,"column":20}},{"start":{"line":35,"column":24},"end":{"line":35,"column":28}}],"line":35}},"s":{"0":2,"1":5,"2":5,"3":4,"4":4,"5":4,"6":0,"7":4,"8":3,"9":1,"10":1,"11":0,"12":0,"13":0},"f":{"0":5},"b":{"0":[0],"1":[4,1],"2":[0,4],"3":[3,1],"4":[1,0],"5":[1,0],"6":[0,0]},"_coverageSchema":"1a1c01bbd47fc00a2c39e90264f33305004495a9","hash":"9fc724a5ca15a11bea56590acec30e218930daa4"}
,"/Users/emitdutcher/Desktop/ultima-test/src/ultima/renderComp.jsx": {"path":"/Users/emitdutcher/Desktop/ultima-test/src/ultima/renderComp.jsx","statementMap":{"0":{"start":{"line":4,"column":19},"end":{"line":4,"column":74}},"1":{"start":{"line":4,"column":41},"end":{"line":4,"column":74}}},"fnMap":{"0":{"name":"(anonymous_0)","decl":{"start":{"line":4,"column":19},"end":{"line":4,"column":20}},"loc":{"start":{"line":4,"column":41},"end":{"line":4,"column":74}},"line":4}},"branchMap":{},"s":{"0":2,"1":19},"f":{"0":19},"b":{},"_coverageSchema":"1a1c01bbd47fc00a2c39e90264f33305004495a9","hash":"b2821b5fbeb8c397822983b2b2ba711fc9b717b5"}
}
