TN:
SF:src/examples/App/Index.jsx
FN:5,App
FN:27,(anonymous_1)
FN:32,(anonymous_2)
FNF:3
FNH:3
FNDA:13,App
FNDA:2,(anonymous_1)
FNDA:1,(anonymous_2)
DA:7,13
DA:8,13
DA:11,13
DA:12,13
DA:13,1
DA:14,1
DA:16,12
DA:17,11
DA:18,11
DA:27,2
DA:32,1
DA:39,1
LF:12
LH:12
BRDA:12,0,0,1
BRDA:12,0,1,12
BRDA:16,1,0,1
BRDA:16,1,1,11
BRDA:17,2,0,0
BRDA:17,2,1,11
BRF:6
BRH:5
end_of_record
TN:
SF:src/examples/Auth/index.jsx
FN:6,(anonymous_0)
FN:9,(anonymous_1)
FNF:2
FNH:2
FNDA:6,(anonymous_0)
FNDA:3,(anonymous_1)
DA:4,1
DA:6,1
DA:9,6
DA:10,3
DA:11,2
DA:13,1
DA:16,6
DA:17,6
DA:18,6
DA:19,6
DA:33,6
DA:35,1
LF:12
LH:12
BRDA:10,0,0,2
BRDA:10,0,1,1
BRDA:10,1,0,3
BRDA:10,1,1,3
BRF:4
BRH:4
end_of_record
TN:
SF:src/ultima/MockDebug.js
FN:1,(anonymous_0)
FNF:1
FNH:1
FNDA:2,(anonymous_0)
DA:1,2
DA:4,2
DA:5,2
DA:6,2
DA:7,0
DA:8,0
DA:9,0
DA:11,2
DA:15,2
DA:16,2
DA:17,2
DA:19,0
LF:12
LH:8
BRDA:6,0,0,0
BRDA:6,0,1,2
BRDA:6,1,0,2
BRDA:6,1,1,0
BRDA:15,2,0,2
BRDA:15,2,1,0
BRDA:16,3,0,2
BRDA:16,3,1,0
BRF:8
BRH:4
end_of_record
TN:
SF:src/ultima/changeHelper.js
FN:3,(anonymous_0)
FN:8,(anonymous_1)
FN:19,(anonymous_2)
FN:28,(anonymous_3)
FNF:4
FNH:3
FNDA:6,(anonymous_0)
FNDA:0,(anonymous_1)
FNDA:6,(anonymous_2)
FNDA:6,(anonymous_3)
DA:3,2
DA:4,6
DA:5,6
DA:7,6
DA:8,0
DA:9,0
DA:10,0
DA:13,6
DA:14,6
DA:16,6
DA:19,2
DA:22,6
DA:23,6
DA:24,6
DA:25,6
DA:28,2
DA:40,6
DA:41,0
DA:42,0
DA:44,6
DA:52,6
DA:53,6
DA:54,0
DA:55,0
DA:58,6
DA:59,6
DA:61,6
DA:63,6
DA:64,2
DA:65,4
DA:66,4
DA:69,0
DA:82,6
LF:33
LH:25
BRDA:7,0,0,0
BRDA:7,0,1,6
BRDA:9,1,0,0
BRDA:9,1,1,0
BRDA:10,2,0,0
BRDA:10,2,1,0
BRDA:13,3,0,0
BRDA:13,3,1,6
BRDA:14,4,0,6
BRDA:14,4,1,6
BRDA:23,5,0,6
BRDA:23,5,1,0
BRDA:24,6,0,0
BRDA:24,6,1,6
BRDA:33,7,0,0
BRDA:40,8,0,0
BRDA:40,8,1,6
BRDA:53,9,0,0
BRDA:53,9,1,6
BRDA:53,10,0,6
BRDA:53,10,1,0
BRDA:58,11,0,0
BRDA:58,11,1,6
BRDA:61,12,0,0
BRDA:61,12,1,6
BRDA:63,13,0,2
BRDA:63,13,1,4
BRDA:65,14,0,4
BRDA:65,14,1,0
BRF:29
BRH:14
end_of_record
TN:
SF:src/ultima/expectArray.js
FN:6,(anonymous_0)
FN:23,(anonymous_1)
FN:27,(anonymous_2)
FN:81,(anonymous_3)
FN:82,(anonymous_4)
FN:102,(anonymous_5)
FN:137,(anonymous_6)
FNF:7
FNH:7
FNDA:3,(anonymous_0)
FNDA:6,(anonymous_1)
FNDA:4,(anonymous_2)
FNDA:1,(anonymous_3)
FNDA:3,(anonymous_4)
FNDA:3,(anonymous_5)
FNDA:3,(anonymous_6)
DA:6,2
DA:20,3
DA:21,3
DA:22,3
DA:23,3
DA:24,6
DA:26,3
DA:44,4
DA:45,4
DA:46,4
DA:47,1
DA:48,1
DA:56,4
DA:68,4
DA:69,0
DA:71,0
DA:77,0
DA:80,4
DA:81,1
DA:82,1
DA:83,3
DA:91,0
DA:96,3
DA:98,3
DA:103,3
DA:104,3
DA:106,3
DA:108,3
DA:109,0
DA:110,0
DA:112,0
DA:117,0
DA:120,3
DA:121,3
DA:122,0
DA:124,3
DA:125,3
DA:128,0
DA:130,3
DA:134,1
DA:137,3
DA:138,3
DA:139,3
DA:140,3
DA:141,3
DA:142,2
DA:143,0
DA:145,2
DA:146,2
DA:147,2
DA:148,0
DA:151,2
DA:152,0
DA:155,3
DA:156,3
DA:159,3
DA:161,3
DA:162,0
DA:167,0
DA:169,3
DA:170,3
DA:175,2
DA:177,1
DA:180,0
DA:182,3
DA:184,3
DA:188,0
DA:190,3
DA:191,0
DA:193,3
LF:70
LH:52
BRDA:14,0,0,0
BRDA:38,1,0,4
BRDA:45,2,0,4
BRDA:45,2,1,4
BRDA:46,3,0,1
BRDA:46,3,1,3
BRDA:58,4,0,4
BRDA:58,4,1,0
BRDA:68,5,0,0
BRDA:68,5,1,4
BRDA:80,6,0,1
BRDA:80,6,1,3
BRDA:81,7,0,1
BRDA:81,7,1,0
BRDA:83,8,0,0
BRDA:83,8,1,3
BRDA:84,9,0,3
BRDA:84,9,1,3
BRDA:84,9,2,3
BRDA:84,9,3,0
BRDA:84,9,4,3
BRDA:84,9,5,0
BRDA:84,9,6,3
BRDA:84,9,7,3
BRDA:99,10,0,0
BRDA:99,10,1,3
BRDA:103,11,0,3
BRDA:103,11,1,0
BRDA:103,12,0,3
BRDA:103,12,1,3
BRDA:108,13,0,0
BRDA:108,13,1,3
BRDA:110,14,0,0
BRDA:110,14,1,0
BRDA:121,15,0,0
BRDA:121,15,1,3
BRDA:124,16,0,3
BRDA:124,16,1,0
BRDA:137,17,0,3
BRDA:137,17,1,0
BRDA:141,18,0,2
BRDA:141,18,1,1
BRDA:142,19,0,0
BRDA:142,19,1,2
BRDA:145,20,0,2
BRDA:145,20,1,0
BRDA:146,21,0,2
BRDA:146,21,1,0
BRDA:147,22,0,0
BRDA:147,22,1,2
BRDA:151,23,0,0
BRDA:151,23,1,2
BRDA:155,24,0,3
BRDA:155,24,1,0
BRDA:155,25,0,3
BRDA:155,25,1,3
BRDA:161,26,0,0
BRDA:161,26,1,3
BRDA:169,27,0,3
BRDA:169,27,1,0
BRDA:170,28,0,2
BRDA:170,28,1,1
BRDA:171,29,0,3
BRDA:171,29,1,2
BRDA:171,29,2,2
BRDA:190,30,0,0
BRDA:190,30,1,3
BRF:67
BRH:43
end_of_record
TN:
SF:src/ultima/index.js
FN:24,Ultima
FN:32,(anonymous_1)
FN:33,(anonymous_2)
FN:38,(anonymous_3)
FN:43,(anonymous_4)
FN:45,(anonymous_5)
FN:47,(anonymous_6)
FN:49,(anonymous_7)
FN:51,(anonymous_8)
FN:60,(anonymous_9)
FN:60,(anonymous_10)
FN:61,(anonymous_11)
FN:69,(anonymous_12)
FN:78,(anonymous_13)
FN:79,(anonymous_14)
FN:86,(anonymous_15)
FN:89,(anonymous_16)
FN:123,(anonymous_17)
FN:148,(anonymous_18)
FNF:19
FNH:18
FNDA:2,Ultima
FNDA:11,(anonymous_1)
FNDA:11,(anonymous_2)
FNDA:2,(anonymous_3)
FNDA:1,(anonymous_4)
FNDA:0,(anonymous_5)
FNDA:2,(anonymous_6)
FNDA:4,(anonymous_7)
FNDA:4,(anonymous_8)
FNDA:2,(anonymous_9)
FNDA:8,(anonymous_10)
FNDA:8,(anonymous_11)
FNDA:6,(anonymous_12)
FNDA:8,(anonymous_13)
FNDA:11,(anonymous_14)
FNDA:12,(anonymous_15)
FNDA:11,(anonymous_16)
FNDA:3,(anonymous_17)
FNDA:5,(anonymous_18)
DA:7,2
DA:25,2
DA:32,11
DA:33,11
DA:35,2
DA:37,2
DA:39,2
DA:43,2
DA:45,0
DA:47,2
DA:48,2
DA:49,2
DA:50,4
DA:51,4
DA:53,0
DA:59,2
DA:60,2
DA:61,8
DA:69,6
DA:76,8
DA:78,8
DA:79,8
DA:80,11
DA:81,11
DA:83,0
DA:85,11
DA:86,12
DA:89,8
DA:90,11
DA:91,11
DA:93,0
DA:96,8
DA:97,8
DA:98,8
DA:99,8
DA:100,8
DA:101,8
DA:102,8
DA:103,8
DA:104,8
DA:105,8
DA:106,8
DA:107,8
DA:108,8
DA:109,8
DA:111,8
DA:113,8
DA:114,1
DA:122,8
DA:123,3
DA:124,3
DA:145,3
DA:148,5
DA:149,5
DA:150,5
DA:162,2
DA:164,0
DA:166,5
DA:169,8
DA:175,0
LF:60
LH:54
BRDA:24,0,0,0
BRDA:28,1,0,1
BRDA:29,2,0,1
BRDA:30,3,0,1
BRDA:31,4,0,1
BRDA:32,5,0,2
BRDA:33,6,0,2
BRDA:37,7,0,1
BRDA:37,7,1,1
BRDA:51,8,0,4
BRDA:51,8,1,0
BRDA:69,9,0,8
BRDA:70,10,0,5
BRDA:73,11,0,6
BRDA:78,12,0,8
BRDA:78,12,1,0
BRDA:85,13,0,8
BRDA:85,13,1,3
BRDA:113,14,0,1
BRDA:113,14,1,7
BRDA:122,15,0,3
BRDA:122,15,1,5
BRDA:130,16,0,3
BRDA:130,16,1,0
BRDA:130,16,2,0
BRDA:130,16,3,0
BRDA:149,17,0,5
BRDA:149,17,1,0
BRDA:152,18,0,5
BRDA:152,18,1,5
BRDA:152,18,2,0
BRDA:152,18,3,5
BRF:32
BRH:24
end_of_record
TN:
SF:src/ultima/noChange.js
FN:3,(anonymous_0)
FNF:1
FNH:1
FNDA:5,(anonymous_0)
DA:3,2
DA:14,5
DA:15,5
DA:16,4
DA:17,4
DA:19,4
DA:20,3
DA:31,1
DA:32,1
DA:33,0
DA:35,0
DA:36,0
LF:12
LH:9
BRDA:8,0,0,0
BRDA:15,1,0,4
BRDA:15,1,1,1
BRDA:17,2,0,0
BRDA:17,2,1,4
BRDA:19,3,0,3
BRDA:19,3,1,1
BRDA:31,4,0,1
BRDA:31,4,1,0
BRDA:32,5,0,1
BRDA:32,5,1,0
BRDA:35,6,0,0
BRDA:35,6,1,0
BRF:13
BRH:7
end_of_record
TN:
SF:src/ultima/renderComp.jsx
FN:4,(anonymous_0)
FNF:1
FNH:1
FNDA:19,(anonymous_0)
DA:4,19
LF:1
LH:1
BRF:0
BRH:0
end_of_record
